This is pdfTeX, Version 3.1415926-1.40.10 (TeX Live 2009/Debian) (format=pdflatex 2010.8.19)  15 SEP 2010 14:03
entering extended mode
 restricted \write18 enabled.
 %&-line parsing enabled.
**src-gen/out.tex
(./src-gen/out.tex
LaTeX2e <2009/09/24>
Babel <v3.8l> and hyphenation patterns for english, usenglishmax, dumylang, noh
yphenation, loaded.
(/usr/share/texmf-texlive/tex/latex/koma-script/scrreprt.cls
Document Class: scrreprt 2009/07/24 v3.04a KOMA-Script document class (report)
(/usr/share/texmf-texlive/tex/latex/koma-script/scrkbase.sty
Package: scrkbase 2009/07/24 v3.04a KOMA-Script package (KOMA-Script-dependent 
basics and keyval usage)

(/usr/share/texmf-texlive/tex/latex/koma-script/scrbase.sty
Package: scrbase 2009/07/24 v3.04a KOMA-Script package (KOMA-Script-independent
 basics and keyval usage)

(/usr/share/texmf-texlive/tex/latex/graphics/keyval.sty
Package: keyval 1999/03/16 v1.13 key=value parser (DPC)
\KV@toks@=\toks14
)
(/usr/share/texmf-texlive/tex/latex/koma-script/scrlfile.sty
Package: scrlfile 2009/03/25 v3.03 KOMA-Script package (loading files)

Package scrlfile, 2009/03/25 v3.03 KOMA-Script package (loading files)
                  Copyright (C) Markus Kohm

))) (/usr/share/texmf-texlive/tex/latex/koma-script/tocbasic.sty
Package: tocbasic 2009/06/08 v3.03b KOMA-Script package (handling toc-files)
)
Package tocbasic Info: omitting babel extension for `toc'
(tocbasic)             because of feature `nobabel' available
(tocbasic)             for `toc' on input line 117.
Package tocbasic Info: omitting babel extension for `lof'
(tocbasic)             because of feature `nobabel' available
(tocbasic)             for `lof' on input line 118.
Package tocbasic Info: omitting babel extension for `lot'
(tocbasic)             because of feature `nobabel' available
(tocbasic)             for `lot' on input line 119.
Package scrreprt Info: You've used obsolete option `10pt'.
(scrreprt)             \KOMAExecuteOptions{fontsize=10pt} will be
(scrreprt)             used instead.
(scrreprt)             You may simply replace `10pt'
(scrreprt)             by `fontsize=10pt'.
Class scrreprt Info: File `scrsize10pt.clo' used to setup font sizes on input l
ine 1271.

(/usr/share/texmf-texlive/tex/latex/koma-script/scrsize10pt.clo
File: scrsize10pt.clo 2009/07/24 v3.04a KOMA-Script font size class option (10p
t)
)
(/usr/share/texmf-texlive/tex/latex/koma-script/typearea.sty
Package: typearea 2009/07/24 v3.04a KOMA-Script package (type area)

Package typearea, 2009/07/24 v3.04a KOMA-Script package (type area)
                  Copyright (C) Frank Neukam, 1992-1994
                  Copyright (C) Markus Kohm, 1994-

\ta@bcor=\skip41
\ta@div=\count79
Package typearea Info: You've used standard option `a4paper'.
(typearea)             This is correct!
(typearea)             Internaly I'm using `paper=a4'.
(typearea)             If you'd like to set the option with \KOMAoptions,
(typearea)             you'd have to use `paper=a4' there
(typearea)             instead of `a4paper', too.
\ta@hblk=\skip42
\ta@vblk=\skip43
\ta@temp=\skip44
Package typearea Info: These are the values describing the layout:
(typearea)             DIV  = 8
(typearea)             BCOR = 0.0pt
(typearea)             \paperwidth      = 597.50793pt
(typearea)              \textwidth      = 373.44246pt
(typearea)              DIV departure   = -4%
(typearea)              \evensidemargin = 39.76274pt
(typearea)              \oddsidemargin  = 39.76274pt
(typearea)             \paperheight     = 845.04694pt
(typearea)              \textheight     = 538.0pt
(typearea)              \topmargin      = 0.36087pt
(typearea)              \headheight     = 15.0pt
(typearea)              \headsep        = 18.0pt
(typearea)              \topskip        = 10.0pt
(typearea)              \footskip       = 42.0pt
(typearea)              \baselineskip   = 12.0pt
(typearea)              on input line 1115.
)
\c@part=\count80
\c@chapter=\count81
\c@section=\count82
\c@subsection=\count83
\c@subsubsection=\count84
\c@paragraph=\count85
\c@subparagraph=\count86
\abovecaptionskip=\skip45
\belowcaptionskip=\skip46
\c@pti@nb@sid@b@x=\box26
\c@figure=\count87
\c@table=\count88
\bibindent=\dimen102
) (/usr/share/texmf-texlive/tex/latex/base/inputenc.sty
Package: inputenc 2008/03/30 v1.1d Input encoding file
\inpenc@prehook=\toks15
\inpenc@posthook=\toks16

(/usr/share/texmf-texlive/tex/latex/base/latin1.def
File: latin1.def 2008/03/30 v1.1d Input encoding file
))
(/usr/share/texmf-texlive/tex/latex/base/fontenc.sty
Package: fontenc 2005/09/27 v1.99g Standard LaTeX package

(/usr/share/texmf-texlive/tex/latex/base/t1enc.def
File: t1enc.def 2005/09/27 v1.99g Standard LaTeX file
LaTeX Font Info:    Redeclaring font encoding T1 on input line 43.
))
(/usr/share/texmf-texlive/tex/latex/listings/listings.sty
\lst@mode=\count89
\lst@gtempboxa=\box27
\lst@token=\toks17
\lst@length=\count90
\lst@currlwidth=\dimen103
\lst@column=\count91
\lst@pos=\count92
\lst@lostspace=\dimen104
\lst@width=\dimen105
\lst@newlines=\count93
\lst@lineno=\count94
\lst@maxwidth=\dimen106

(/usr/share/texmf-texlive/tex/latex/listings/lstmisc.sty
File: lstmisc.sty 2007/02/22 1.4 (Carsten Heinz)
\c@lstnumber=\count95
\lst@skipnumbers=\count96
\lst@framebox=\box28
)
(/usr/share/texmf-texlive/tex/latex/listings/listings.cfg
File: listings.cfg 2007/02/22 1.4 listings configuration
))
Package: listings 2007/02/22 1.4 (Carsten Heinz)

(/usr/share/texmf-texlive/tex/generic/babel/babel.sty
Package: babel 2008/07/06 v3.8l The Babel package

(/usr/share/texmf-texlive/tex/generic/babel/english.ldf
Language: english 2005/03/30 v3.3o English support from the babel system

(/usr/share/texmf-texlive/tex/generic/babel/babel.def
File: babel.def 2008/07/06 v3.8l Babel common definitions
\babel@savecnt=\count97
\U@D=\dimen107
)
\l@british = a dialect from \language\l@english 
\l@UKenglish = a dialect from \language\l@english 
\l@canadian = a dialect from \language\l@american 
\l@australian = a dialect from \language\l@british 
\l@newzealand = a dialect from \language\l@british 
))
(/usr/share/texmf-texlive/tex/latex/hyperref/hyperref.sty
Package: hyperref 2009/10/09 v6.79a Hypertext links for LaTeX

(/usr/share/texmf-texlive/tex/generic/oberdiek/ifpdf.sty
Package: ifpdf 2009/04/10 v2.0 Provides the ifpdf switch (HO)
Package ifpdf Info: pdfTeX in pdf mode detected.
)
(/usr/share/texmf-texlive/tex/generic/oberdiek/ifvtex.sty
Package: ifvtex 2008/11/04 v1.4 Switches for detecting VTeX and its modes (HO)
Package ifvtex Info: VTeX not detected.
)
(/usr/share/texmf-texlive/tex/generic/ifxetex/ifxetex.sty
Package: ifxetex 2009/01/23 v0.5 Provides ifxetex conditional
)
(/usr/share/texmf-texlive/tex/latex/oberdiek/hycolor.sty
Package: hycolor 2009/10/02 v1.5 Code for color options of hyperref/bookmark (H
O)

(/usr/share/texmf-texlive/tex/latex/oberdiek/xcolor-patch.sty
Package: xcolor-patch 2009/10/02 xcolor patch
))
\@linkdim=\dimen108
\Hy@linkcounter=\count98
\Hy@pagecounter=\count99

(/usr/share/texmf-texlive/tex/latex/hyperref/pd1enc.def
File: pd1enc.def 2009/10/09 v6.79a Hyperref: PDFDocEncoding definition (HO)
)
(/usr/share/texmf-texlive/tex/generic/oberdiek/etexcmds.sty
Package: etexcmds 2007/12/12 v1.2 Prefix for e-TeX command names (HO)

(/usr/share/texmf-texlive/tex/generic/oberdiek/infwarerr.sty
Package: infwarerr 2007/09/09 v1.2 Providing info/warning/message (HO)
)
Package etexcmds Info: Could not find \expanded.
(etexcmds)             That can mean that you are not using pdfTeX 1.50 or
(etexcmds)             that some package has redefined \expanded.
(etexcmds)             In the latter case, load this package earlier.
)
(/usr/share/texmf-texlive/tex/latex/latexconfig/hyperref.cfg
File: hyperref.cfg 2002/06/06 v1.2 hyperref configuration of TeXLive
)
(/usr/share/texmf-texlive/tex/latex/oberdiek/kvoptions.sty
Package: kvoptions 2009/08/13 v3.4 Keyval support for LaTeX options (HO)

(/usr/share/texmf-texlive/tex/generic/oberdiek/kvsetkeys.sty
Package: kvsetkeys 2009/07/30 v1.5 Key value parser with default handler suppor
t (HO)
))
Package hyperref Info: Hyper figures OFF on input line 2975.
Package hyperref Info: Link nesting OFF on input line 2980.
Package hyperref Info: Hyper index ON on input line 2983.
Package hyperref Info: Plain pages OFF on input line 2990.
Package hyperref Info: Backreferencing OFF on input line 2995.

Implicit mode ON; LaTeX internals redefined
Package hyperref Info: Bookmarks ON on input line 3191.
(/usr/share/texmf-texlive/tex/latex/ltxmisc/url.sty
\Urlmuskip=\muskip10
Package: url 2006/04/12  ver 3.3  Verb mode for urls, etc.
)
LaTeX Info: Redefining \url on input line 3428.

(/usr/share/texmf-texlive/tex/generic/oberdiek/bitset.sty
Package: bitset 2007/09/28 v1.0 Data type bit set (HO)

(/usr/share/texmf-texlive/tex/generic/oberdiek/intcalc.sty
Package: intcalc 2007/09/27 v1.1 Expandable integer calculations (HO)
)
(/usr/share/texmf-texlive/tex/generic/oberdiek/bigintcalc.sty
Package: bigintcalc 2007/11/11 v1.1 Expandable big integer calculations (HO)

(/usr/share/texmf-texlive/tex/generic/oberdiek/pdftexcmds.sty
Package: pdftexcmds 2009/09/23 v0.6 LuaTeX support for pdfTeX utility functions
 (HO)

(/usr/share/texmf-texlive/tex/generic/oberdiek/ifluatex.sty
Package: ifluatex 2009/04/17 v1.2 Provides the ifluatex switch (HO)
Package ifluatex Info: LuaTeX not detected.
)
(/usr/share/texmf-texlive/tex/generic/oberdiek/ltxcmds.sty
Package: ltxcmds 2009/08/05 v1.0 Some LaTeX kernel commands for general use (HO
)
)
Package pdftexcmds Info: LuaTeX not detected.
Package pdftexcmds Info: \pdf@primitive is available.
Package pdftexcmds Info: \pdf@ifprimitive is available.
)))
\Fld@menulength=\count100
\Field@Width=\dimen109
\Fld@charsize=\dimen110
\Field@toks=\toks18
Package hyperref Info: Hyper figures OFF on input line 4377.
Package hyperref Info: Link nesting OFF on input line 4382.
Package hyperref Info: Hyper index ON on input line 4385.
Package hyperref Info: backreferencing OFF on input line 4392.
Package hyperref Info: Link coloring OFF on input line 4397.
Package hyperref Info: Link coloring with OCG OFF on input line 4402.
Package hyperref Info: PDF/A mode OFF on input line 4407.

(/usr/share/texmf-texlive/tex/generic/oberdiek/atbegshi.sty
Package: atbegshi 2008/07/31 v1.9 At begin shipout hook (HO)
)
\Hy@abspage=\count101
\c@Item=\count102
\c@Hfootnote=\count103
)
*hyperref using default driver hpdftex*
(/usr/share/texmf-texlive/tex/latex/hyperref/hpdftex.def
File: hpdftex.def 2009/10/09 v6.79a Hyperref driver for pdfTeX
\Fld@listcount=\count104
)
\itemindentlen=\skip47
 (src-gen/out.aux)
\openout1 = `out.aux'.

LaTeX Font Info:    Checking defaults for OML/cmm/m/it on input line 15.
LaTeX Font Info:    ... okay on input line 15.
LaTeX Font Info:    Checking defaults for T1/cmr/m/n on input line 15.
LaTeX Font Info:    ... okay on input line 15.
LaTeX Font Info:    Checking defaults for OT1/cmr/m/n on input line 15.
LaTeX Font Info:    ... okay on input line 15.
LaTeX Font Info:    Checking defaults for OMS/cmsy/m/n on input line 15.
LaTeX Font Info:    ... okay on input line 15.
LaTeX Font Info:    Checking defaults for OMX/cmex/m/n on input line 15.
LaTeX Font Info:    ... okay on input line 15.
LaTeX Font Info:    Checking defaults for U/cmr/m/n on input line 15.
LaTeX Font Info:    ... okay on input line 15.
LaTeX Font Info:    Checking defaults for PD1/pdf/m/n on input line 15.
LaTeX Font Info:    ... okay on input line 15.
\c@lstlisting=\count105
Package hyperref Info: Link coloring OFF on input line 15.

(/usr/share/texmf-texlive/tex/latex/hyperref/nameref.sty
Package: nameref 2007/05/29 v2.31 Cross-referencing by name of section

(/usr/share/texmf-texlive/tex/latex/oberdiek/refcount.sty
Package: refcount 2008/08/11 v3.1 Data extraction from references (HO)
)
\c@section@level=\count106
)
LaTeX Info: Redefining \ref on input line 15.
LaTeX Info: Redefining \pageref on input line 15.
 (src-gen/out.out)
(src-gen/out.out)
\@outlinefile=\write3
\openout3 = `out.out'.

\AtBeginShipoutBox=\box29

Chapter 1.

Class scrreprt Warning: \float@addtolists detected!
(scrreprt)              You should use the features of package `tocbasic'
(scrreprt)              instead of \float@addtolists.
(scrreprt)              Support for \float@addtolists may be removed from
(scrreprt)              `scrreprt' soon .

LaTeX Font Info:    Try loading font information for T1+cmss on input line 17.
(/usr/share/texmf-texlive/tex/latex/base/t1cmss.fd
File: t1cmss.fd 1999/05/25 v2.5h Standard LaTeX font definitions
)
LaTeX Font Info:    Try loading font information for OMS+cmr on input line 62.

(/usr/share/texmf-texlive/tex/latex/base/omscmr.fd
File: omscmr.fd 1999/05/25 v2.5h Standard LaTeX font definitions
)
LaTeX Font Info:    Font shape `OMS/cmr/m/n' in size <10> not available
(Font)              Font shape `OMS/cmsy/m/n' tried instead on input line 62.
 [1


{/var/lib/texmf/fonts/map/pdftex/updmap/pdftex.map}]
Overfull \hbox (167.75809pt too wide) in paragraph at lines 81--85
\T1/cmr/m/n/10 map where the keys are strings and the val-ues are so called \T1
/cmr/m/it/10 org.eclipse.xtext/src/org.eclipse.xtext.resource.IEObjectDescripti
on\T1/cmr/m/n/10 ,
 []


Overfull \hbox (55.11333pt too wide) in paragraph at lines 107--109
\T1/cmr/m/n/10 port them as part of a so called \T1/cmr/m/it/10 org.eclipse.xte
xt/src/org.eclipse.xtext.resource.IResourceDescription\T1/cmr/m/n/10 . 
 []


Overfull \hbox (127.1808pt too wide) in paragraph at lines 110--116
\T1/cmr/m/it/10 URI\T1/cmr/m/n/10 ), a list of ex-ported \T1/cmr/m/it/10 EOb-je
cts \T1/cmr/m/n/10 (in the form of \T1/cmr/m/it/10 org.eclipse.xtext/src/org.ec
lipse.xtext.resource.IEObjectDescription\T1/cmr/m/n/10 )
 []


Overfull \hbox (58.10329pt too wide) in paragraph at lines 117--122
\T1/cmr/m/n/10 the list of ex-ported \T1/cmr/m/it/10 EOb-jects\T1/cmr/m/n/10 . 
An \T1/cmr/m/it/10 org.eclipse.xtext/src/org.eclipse.xtext.resource.IEObjectDes
cription
 []

[2]
Overfull \hbox (18.72711pt too wide) in paragraph at lines 124--131
[]\T1/cmr/m/n/10 A lan-guage is con-fig-ured with a de-fault im-ple-men-ta-tion
 of \T1/cmr/m/it/10 IRe-sourceDescrip-tion.Manager
 []


Overfull \hbox (190.66624pt too wide) in paragraph at lines 124--131
\T1/cmr/m/n/10 model and ap-ply-ing the \T1/cmr/m/it/10 getQual-i-fied-Name(EOb
ject obj) \T1/cmr/m/n/10 from \T1/cmr/m/it/10 org.eclipse.xtext/src/org.eclipse
.xtext.naming.IQualifiedNameProvider
 []


Overfull \hbox (139.22389pt too wide) in paragraph at lines 132--138
\T1/cmr/m/n/10 Both work by look-ing up an \T1/cmr/m/it/10 EAt-tribute \T1/cmr/
m/n/10 'name'. The \T1/cmr/m/it/10 org.eclipse.xtext/src/org.eclipse.xtext.nami
ng.SimpleNameProvider
 []


Overfull \hbox (177.89447pt too wide) in paragraph at lines 132--138
\T1/cmr/m/n/10 sim-ply re-turns the plain value, while the \T1/cmr/m/it/10 org.
eclipse.xtext/src/org.eclipse.xtext.naming.DefaultDeclarativeQualifiedNameProvi
der
 []

(/usr/share/texmf-texlive/tex/latex/listings/lstlang1.sty
File: lstlang1.sty 2004/09/05 1.3 listings language file
) [3]
Overfull \hbox (161.74251pt too wide) in paragraph at lines 187--193
\T1/cmr/m/n/10 sources. That is the re-spon-si-bil-ity of global scop-ing (i.e.
 \T1/cmr/m/it/10 org.eclipse.xtext/src/org.eclipse.xtext.scoping.IGlobalScopePr
ovider\T1/cmr/m/n/10 )
 []


Overfull \hbox (226.26326pt too wide) in paragraph at lines 226--238
\T1/cmr/m/n/10 ad-di-tion you'll have to make sure that you have bound the \T1/
cmr/m/it/10 org.eclipse.xtext/src/org.eclipse.xtext.scoping.impl.ImportUriGloba
lScopeProvider
 []

[4]
Overfull \hbox (313.91396pt too wide) in paragraph at lines 239--245
[]\T1/cmr/m/n/10 Global scopes based on im-port URIs are avail-able if you use 
the \T1/cmr/m/it/10 org.eclipse.xtext.generator/src/org.eclipse.xtext.generator
.scoping.ImportURIScopingFragment
 []


Overfull \hbox (184.20872pt too wide) in paragraph at lines 239--245
\T1/cmr/m/n/10 in the work-flow of your lan-guage. It will bind an \T1/cmr/m/it
/10 org.eclipse.xtext/src/org.eclipse.xtext.scoping.impl.ImportUriGlobalScopePr
ovider
 []


Overfull \hbox (58.69835pt too wide) in paragraph at lines 239--245
\T1/cmr/m/n/10 (\T1/cmr/m/it/10 org.eclipse.xtext/src/org.eclipse.xtext.resourc
e.ignorecase.IgnoreCaseImportUriGlobalScopeProvider
 []


Overfull \hbox (2.1055pt too wide) in paragraph at lines 257--261
\T1/cmr/m/n/10 it, a \T1/cmr/m/it/10 org.eclipse.xtext/src/org.eclipse.xtext.sc
oping.impl.DefaultGlobalScopeProvider \T1/cmr/m/n/10 has
 []


Overfull \hbox (45.16277pt too wide) in paragraph at lines 257--261
\T1/cmr/m/it/10 org.eclipse.xtext/src/org.eclipse.xtext.resource.ignorecase.Ign
oreCaseDefaultGlobalScopeProvider\T1/cmr/m/n/10 . 
 []

[5]
Overfull \hbox (60.76619pt too wide) in paragraph at lines 295--303
\T1/cmr/m/it/10 ICon-tainer.Manager \T1/cmr/m/n/10 pro-vides you with the \T1/c
mr/m/it/10 org.eclipse.xtext/src/org.eclipse.xtext.resource.IContainer
 []


Overfull \hbox (271.07988pt too wide) in paragraph at lines 323--331
\T1/cmr/m/n/10 bound with Guice: The de-fault bind-ing is to \T1/cmr/m/it/10 or
g.eclipse.xtext/src/org.eclipse.xtext.resource.impl.SimpleResourceDescriptionsB
asedContainerManager\T1/cmr/m/n/10 ,
 []


Overfull \hbox (25.8982pt too wide) in paragraph at lines 323--331
\T1/cmr/m/n/10 bind \T1/cmr/m/it/10 org.eclipse.xtext/src/org.eclipse.xtext.res
ource.containers.StateBasedContainerManager
 []


Overfull \hbox (38.52849pt too wide) in paragraph at lines 323--331
\T1/cmr/m/n/10 and an ad-di-tional \T1/cmr/m/it/10 org.eclipse.xtext/src/org.ec
lipse.xtext.resource.containers.IAllContainersState
 []

[6]
Overfull \hbox (5.00491pt too wide) in paragraph at lines 352--355
[][] 
 []


Overfull \hbox (5.00491pt too wide) in paragraph at lines 356--359
[][] 
 []


Overfull \hbox (5.00491pt too wide) in paragraph at lines 360--363
[][] 
 []


Overfull \hbox (5.00491pt too wide) in paragraph at lines 364--367
[][] 
 []

[7]
Overfull \hbox (53.66347pt too wide) in paragraph at lines 447--450
\T1/cmr/m/n/10 the \T1/cmr/m/it/10 org.eclipse.xtext/src/org.eclipse.xtext.reso
urce.containers.ResourceSetBasedAllContainersState\T1/cmr/m/n/10 .
 []


Overfull \hbox (51.6255pt too wide) in paragraph at lines 451--456
\T1/cmr/m/n/10 the back-end of the MWE2 work-flow com-po-nent \T1/cmr/m/it/10 o
rg.eclipse.xtext/src/org.eclipse.xtext.mwe.Reader\T1/cmr/m/n/10 .
 []

LaTeX Font Info:    External font `cmex10' loaded for size
(Font)              <7> on input line 465.
LaTeX Font Info:    External font `cmex10' loaded for size
(Font)              <5> on input line 465.
[8] [9]
Overfull \hbox (255.41989pt too wide) in paragraph at lines 541--544
\T1/cmr/m/n/10 If you have to de-fine scopes for cer-tain con-texts, the base c
lass \T1/cmr/m/it/10 org.eclipse.xtext/src/org.eclipse.xtext.scoping.impl.Abstr
actDeclarativeScopeProvider
 []

[10]
Overfull \hbox (44.88234pt too wide) in paragraph at lines 612--617
\T1/cmr/m/it/10 org.eclipse.xtext/src/org.eclipse.xtext.scoping.impl.ImportedNa
mespaceAwareLocalScopeProvider\T1/cmr/m/n/10 . 
 []


Overfull \hbox (61.54494pt too wide) in paragraph at lines 620--625
\T1/cmr/m/n/10 The \T1/cmr/m/it/10 org.eclipse.xtext/src/org.eclipse.xtext.scop
ing.impl.ImportedNamespaceAwareLocalScopeProvider
 []


Overfull \hbox (38.11205pt too wide) in paragraph at lines 620--625
\T1/cmr/m/n/10 makes use of the so called \T1/cmr/m/it/10 org.eclipse.xtext/src
/org.eclipse.xtext.scoping.IQualifiedNameProvider
 []


Overfull \hbox (35.08347pt too wide) in paragraph at lines 620--625
\T1/cmr/m/n/10 (\T1/cmr/m/it/10 org.eclipse.xtext/src/org.eclipse.xtext.scoping
.impl.DefaultDeclarativeQualifiedNameProvider\T1/cmr/m/n/10 )
 []

[11] [12] (src-gen/out.aux) ) 
Here is how much of TeX's memory you used:
 7120 strings out of 495061
 103103 string characters out of 1182621
 326021 words of memory out of 3000000
 10017 multiletter control sequences out of 15000+50000
 11355 words of font info for 24 fonts, out of 3000000 for 9000
 28 hyphenation exceptions out of 8191
 43i,7n,43p,261b,1786s stack positions out of 5000i,500n,10000p,200000b,50000s
 </home/skomp/.texmf-var/fonts/pk/ljfour/jknappen/
ec/ecso1200.600pk> </home/skomp/.texmf-var/fonts/pk/ljfour/jknappen/ec/ecsx1000
.600pk> </home/skomp/.texmf-var/fonts/pk/ljfour/jknappen/ec/ecsx1200.600pk> </h
ome/skomp/.texmf-var/fonts/pk/ljfour/jknappen/ec/ecbx1000.600pk> </home/skomp/.
texmf-var/fonts/pk/ljfour/jknappen/ec/ecso1440.600pk> </home/skomp/.texmf-var/f
onts/pk/ljfour/jknappen/ec/ecsx1440.600pk> </home/skomp/.texmf-var/fonts/pk/ljf
our/jknappen/ec/ecti1000.600pk> </home/skomp/.texmf-var/fonts/pk/ljfour/jknappe
n/ec/ecrm1000.600pk> </home/skomp/.texmf-var/fonts/pk/ljfour/jknappen/ec/ecsx20
74.600pk></usr/share/texmf-texlive/fonts/type1/public/amsfonts/cm/cmsy10.pfb>
Output written on src-gen/out.pdf (12 pages, 177370 bytes).
PDF statistics:
 677 PDF objects out of 1000 (max. 8388607)
 215 named destinations out of 1000 (max. 500000)
 97 words of extra memory for PDF output out of 10000 (max. 10000000)

